C51 COMPILER V9.54   ECUM                                                                  06/02/2026 01:17:00 PAGE 1   


C51 COMPILER V9.54, COMPILATION OF MODULE ECUM
OBJECT MODULE PLACED IN .\Objects\EcuM.obj
COMPILER INVOKED BY: E:\Keil5\C51\BIN\C51.EXE Bsw\Service\EcuM\EcuM.c OPTIMIZE(8,SPEED) BROWSE INCDIR(.\App;.\Config;.\D
                    -evice;.\Bsw\Common;.\Bsw\Service\EcuM;.\Bsw\Service\Det;.\Bsw\Service\Rte;.\Bsw\Service\SchM;.\Bsw\Service\Timer2;.\Bsw\
                    -Mcal\Uart;.\Bsw\Mcal\Delay;.\Bsw\Mcal\Dio;.\Bsw\Mcal\Adc;.\Bsw\Mcal\Iap;.\Bsw\Mcal\Iic;.\Bsw\Mcal\IrSensor;.\Bsw\EcuAb\S
                    -erial;.\Bsw\EcuAb\IoHwAb;.\Bsw\EcuAb\Display;.\Bsw\EcuAb\Lcd1602;.\Bsw\EcuAb\At24c02;.\Bsw\EcuAb\Led8) DEBUG OBJECTEXTEN
                    -D PRINT(.\Listings\EcuM.lst) OBJECT(.\Objects\EcuM.obj)

line level    source

   1          /**
   2           * @file    EcuM.c
   3           * @brief   ECU Manager implementation
   4           *
   5           * Calls Rte_Init() which cascades through:
   6           *   Serial_Init() -> Uart_Init()  (MCAL: configures UART registers)
   7           *   IoHwAb_Init()                 (marks initialized)
   8           *   Display_Init()                (marks initialized)
   9           */
  10          
  11          #include "EcuM.h"
  12          #include "Rte.h"
  13          
  14          /* 系统启动管理：当前只负责触发RTE初始化，后续模块都从这里串起来。 */
  15          void EcuM_Init(void)
  16          {
  17   1          Rte_Init();  /* 级联初始化：Serial→IoHwAb→Display */
  18   1      }


MODULE INFORMATION:   STATIC OVERLAYABLE
   CODE SIZE        =      3    ----
   CONSTANT SIZE    =   ----    ----
   XDATA SIZE       =   ----    ----
   PDATA SIZE       =   ----    ----
   DATA SIZE        =   ----    ----
   IDATA SIZE       =   ----    ----
   BIT SIZE         =   ----    ----
END OF MODULE INFORMATION.


C51 COMPILATION COMPLETE.  0 WARNING(S),  0 ERROR(S)
