C51 COMPILER V9.54   IRSENSOR                                                              06/02/2026 01:17:01 PAGE 1   


C51 COMPILER V9.54, COMPILATION OF MODULE IRSENSOR
OBJECT MODULE PLACED IN .\Objects\IrSensor.obj
COMPILER INVOKED BY: E:\Keil5\C51\BIN\C51.EXE Bsw\Mcal\IrSensor\IrSensor.c OPTIMIZE(8,SPEED) BROWSE INCDIR(.\App;.\Confi
                    -g;.\Device;.\Bsw\Common;.\Bsw\Service\EcuM;.\Bsw\Service\Det;.\Bsw\Service\Rte;.\Bsw\Service\SchM;.\Bsw\Service\Timer2;.
                    -\Bsw\Mcal\Uart;.\Bsw\Mcal\Delay;.\Bsw\Mcal\Dio;.\Bsw\Mcal\Adc;.\Bsw\Mcal\Iap;.\Bsw\Mcal\Iic;.\Bsw\Mcal\IrSensor;.\Bsw\Ec
                    -uAb\Serial;.\Bsw\EcuAb\IoHwAb;.\Bsw\EcuAb\Display;.\Bsw\EcuAb\Lcd1602;.\Bsw\EcuAb\At24c02;.\Bsw\EcuAb\Led8) DEBUG OBJECT
                    -EXTEND PRINT(.\Listings\IrSensor.lst) OBJECT(.\Objects\IrSensor.obj)

line level    source

   1          #include "IrSensor.h"
   2          
   3          /* NEC一帧共4字节：地址码、地址反码、命令码、命令反码。 */
   4          static volatile uint8 IrSensor_Frame[4] = {0u, 0u, 0u, 0u};
   5          
   6          /* 当前已经接收到第几位，收满32位后校验命令码。 */
   7          static volatile uint8 IrSensor_BitCount = 0u;
   8          
   9          /* TRUE表示已经识别到起始码，后续下降沿开始按0/1解析。 */
  10          static volatile boolean IrSensor_Receiving = FALSE;
  11          
  12          /* ISR置位，App读取并清除；这样中断层和应用层解耦。 */
  13          static volatile boolean IrSensor_KeyReady = FALSE;
  14          static volatile uint8 IrSensor_KeyValue = 0u;
  15          static volatile boolean IrSensor_FirstEdgeSeen = FALSE;
  16          
  17          /* pulse环形缓冲区：ISR写入，MainFunction读取。 */
  18          static volatile uint16 xdata IrSensor_PulseBuffer[IRSENSOR_PULSE_BUFFER_SIZE];
  19          static volatile uint8 IrSensor_PulseWriteIndex = 0u;
  20          static volatile uint8 IrSensor_PulseReadIndex = 0u;
  21          static volatile boolean IrSensor_PulseOverflow = FALSE;
  22          
  23          /* ISR里调用：把一次脉宽计数放入环形缓冲区。 */
  24          static void IrSensor_PushPulse(uint16 pulseCount)
  25          {
  26   1          uint8 nextWriteIndex;
  27   1      
  28   1          nextWriteIndex = (uint8)(IrSensor_PulseWriteIndex + 1u);
  29   1          if(nextWriteIndex >= IRSENSOR_PULSE_BUFFER_SIZE)
  30   1          {
  31   2              nextWriteIndex = 0u;
  32   2          }
  33   1      
  34   1          if(nextWriteIndex == IrSensor_PulseReadIndex)
  35   1          {
  36   2              IrSensor_PulseOverflow = TRUE; /* 缓冲区满，丢弃这次pulse */
  37   2          }
  38   1          else
  39   1          {
  40   2              IrSensor_PulseBuffer[IrSensor_PulseWriteIndex] = pulseCount;
  41   2              IrSensor_PulseWriteIndex = nextWriteIndex;
  42   2          }
  43   1      }
  44          
  45          /* 主循环里调用：从环形缓冲区取出一个pulse。 */
  46          static Std_ReturnType IrSensor_PopPulse(uint16 *pulseCount)
  47          {
  48   1          boolean savedEa;
  49   1      
  50   1          savedEa = EA;
  51   1          EA = 0;
C51 COMPILER V9.54   IRSENSOR                                                              06/02/2026 01:17:01 PAGE 2   

  52   1          if(IrSensor_PulseReadIndex == IrSensor_PulseWriteIndex)
  53   1          {
  54   2              EA = savedEa;
  55   2              return E_NOT_OK;
  56   2          }
  57   1      
  58   1          *pulseCount = IrSensor_PulseBuffer[IrSensor_PulseReadIndex];
  59   1          IrSensor_PulseReadIndex++;
  60   1          if(IrSensor_PulseReadIndex >= IRSENSOR_PULSE_BUFFER_SIZE)
  61   1          {
  62   2              IrSensor_PulseReadIndex = 0u;
  63   2          }
  64   1          EA = savedEa;
  65   1      
  66   1          return E_OK;
  67   1      }
  68          
  69          /* 解码一个pulse：判断起始码、0、1，并在收满32位后生成按键值。 */
  70          static void IrSensor_DecodePulse(uint16 pulseCount)
  71          {
  72   1          /* 起始码时间最长，识别到它就认为一帧新数据开始。 */
  73   1          if((pulseCount > IRSENSOR_START_MIN_COUNT) &&
  74   1             (pulseCount < IRSENSOR_START_MAX_COUNT))
  75   1          {
  76   2              IrSensor_BitCount = 0u;
  77   2              IrSensor_Receiving = TRUE;
  78   2              IrSensor_Frame[0] = 0u;
  79   2              IrSensor_Frame[1] = 0u;
  80   2              IrSensor_Frame[2] = 0u;
  81   2              IrSensor_Frame[3] = 0u;
  82   2              return;
  83   2          }
  84   1      
  85   1          if(IrSensor_Receiving == TRUE)
  86   1          {
  87   2              /* 脉宽较长认为是1：右移一位，再把最高位置1。 */
  88   2              if((pulseCount > IRSENSOR_BIT_SPLIT_COUNT) &&
  89   2                 (pulseCount < IRSENSOR_BIT1_MAX_COUNT))
  90   2              {
  91   3                  IrSensor_Frame[IrSensor_BitCount / 8u] =
  92   3                      (uint8)((IrSensor_Frame[IrSensor_BitCount / 8u] >> 1) | 0x80u);
  93   3                  IrSensor_BitCount++;
  94   3              }
  95   2              /* 脉宽较短认为是0：只右移，不置最高位。 */
  96   2              else if((pulseCount > IRSENSOR_BIT0_MIN_COUNT) &&
  97   2                      (pulseCount < IRSENSOR_BIT_SPLIT_COUNT))
  98   2              {
  99   3                  IrSensor_Frame[IrSensor_BitCount / 8u] =
 100   3                      (uint8)(IrSensor_Frame[IrSensor_BitCount / 8u] >> 1);
 101   3                  IrSensor_BitCount++;
 102   3              }
 103   2      
 104   2              /* NEC完整帧为32位，命令码和命令反码互补才算有效。 */
 105   2              if(IrSensor_BitCount >= 32u)
 106   2              {
 107   3                  IrSensor_BitCount = 0u;
 108   3                  IrSensor_Receiving = FALSE;
 109   3                  if(IrSensor_Frame[2] == (uint8)(~IrSensor_Frame[3]))
 110   3                  {
 111   4                      IrSensor_KeyValue = IrSensor_Frame[2];
 112   4                      IrSensor_KeyReady = TRUE;
 113   4                  }
C51 COMPILER V9.54   IRSENSOR                                                              06/02/2026 01:17:01 PAGE 3   

 114   3              }
 115   2          }
 116   1      }
 117          
 118          /* 红外接收初始化：INT1下降沿触发，Timer0用于测量两个下降沿之间的时间。 */
 119          void IrSensor_Init(void)
 120          {
 121   1          IrSensor_BitCount = 0u;
 122   1          IrSensor_Receiving = FALSE;
 123   1          IrSensor_KeyReady = FALSE;
 124   1          IrSensor_KeyValue = 0u;
 125   1          IrSensor_FirstEdgeSeen = FALSE;
 126   1          IrSensor_PulseWriteIndex = 0u;
 127   1          IrSensor_PulseReadIndex = 0u;
 128   1          IrSensor_PulseOverflow = FALSE;
 129   1      
 130   1          IT1 = 1;                       /* INT1下降沿触发：红外接收头输出的脉冲边沿 */
 131   1          EX1 = 1;                       /* 允许外部中断1 */
 132   1          TMOD = (TMOD & 0xf0u) | 0x01u; /* 只改Timer0低4位，避免影响UART使用的Timer1 */
 133   1          TH0 = 0u;
 134   1          TL0 = 0u;
 135   1          TR0 = 1;                       /* 启动Timer0计脉宽 */
 136   1          EA = 1;
 137   1      }
 138          
 139          /* 周期解码：把中断采集到的pulse逐个取出，在主循环上下文里完成NEC解码。 */
 140          void IrSensor_MainFunction(void)
 141          {
 142   1          uint16 pulseCount;
 143   1      
 144   1          if(IrSensor_PulseOverflow == TRUE)
 145   1          {
 146   2              IrSensor_PulseOverflow = FALSE;
 147   2              IrSensor_Receiving = FALSE;
 148   2              IrSensor_BitCount = 0u;
 149   2          }
 150   1      
 151   1          while(IrSensor_PopPulse(&pulseCount) == E_OK)
 152   1          {
 153   2              IrSensor_DecodePulse(pulseCount);
 154   2          }
 155   1      }
 156          
 157          /* 是否已经收到一个校验正确的红外按键值。 */
 158          boolean IrSensor_IsKeyReady(void)
 159          {
 160   1          return IrSensor_KeyReady;
 161   1      }
 162          
 163          /* 读取最近一次红外按键值。 */
 164          uint8 IrSensor_GetKey(void)
 165          {
 166   1          uint8 keyValue;
 167   1          boolean savedEa;
 168   1      
 169   1          savedEa = EA;                  /* 按键值由ISR写入，读取时短暂关中断防止被改写 */
 170   1          EA = 0;
 171   1          keyValue = IrSensor_KeyValue;
 172   1          EA = savedEa;
 173   1      
 174   1          return keyValue;
 175   1      }
C51 COMPILER V9.54   IRSENSOR                                                              06/02/2026 01:17:01 PAGE 4   

 176          
 177          /* 清除按键就绪标志，表示App已经消费了这次按键。 */
 178          void IrSensor_ClearKey(void)
 179          {
 180   1          boolean savedEa;
 181   1      
 182   1          savedEa = EA;                  /* 标志位由ISR置位，清除时也做临界区保护 */
 183   1          EA = 0;
 184   1          IrSensor_KeyReady = FALSE;
 185   1          EA = savedEa;
 186   1      }
 187          
 188          /* INT1中断：按NEC红外协议测量脉宽，收满32位后取命令码。 */
 189          void IrSensor_Isr(void) interrupt 2 using 1
 190          {
 191   1          uint16 pulseCount;
 192   1      
 193   1          pulseCount = (uint16)((uint16)TH0 * 256u + TL0); /* 两次下降沿之间的Timer0计数 */
 194   1          TH0 = 0u;
 195   1          TL0 = 0u;
 196   1      
 197   1          /*
 198   1           * 第一次下降沿只用来建立计时基准。
 199   1           * 因为Timer0在初始化后已经开始计数，第一次读到的不是红外协议脉宽，
 200   1           * 如果直接参与判断，可能刚好落入起始码范围而误判。
 201   1           */
 202   1          if(IrSensor_FirstEdgeSeen == FALSE)
 203   1          {
 204   2              IrSensor_FirstEdgeSeen = TRUE;
 205   2              return;
 206   2          }
 207   1      
 208   1          IrSensor_PushPulse(pulseCount);
 209   1      }


MODULE INFORMATION:   STATIC OVERLAYABLE
   CODE SIZE        =    437    ----
   CONSTANT SIZE    =   ----    ----
   XDATA SIZE       =     32    ----
   PDATA SIZE       =   ----    ----
   DATA SIZE        =     12       2
   IDATA SIZE       =   ----    ----
   BIT SIZE         =   ----    ----
END OF MODULE INFORMATION.


C51 COMPILATION COMPLETE.  0 WARNING(S),  0 ERROR(S)
