C51 COMPILER V9.54   MAIN                                                                  06/02/2026 01:17:00 PAGE 1   


C51 COMPILER V9.54, COMPILATION OF MODULE MAIN
OBJECT MODULE PLACED IN .\Objects\main.obj
COMPILER INVOKED BY: E:\Keil5\C51\BIN\C51.EXE App\main.c OPTIMIZE(8,SPEED) BROWSE INCDIR(.\App;.\Config;.\Device;.\Bsw\C
                    -ommon;.\Bsw\Service\EcuM;.\Bsw\Service\Det;.\Bsw\Service\Rte;.\Bsw\Service\SchM;.\Bsw\Service\Timer2;.\Bsw\Mcal\Uart;.\B
                    -sw\Mcal\Delay;.\Bsw\Mcal\Dio;.\Bsw\Mcal\Adc;.\Bsw\Mcal\Iap;.\Bsw\Mcal\Iic;.\Bsw\Mcal\IrSensor;.\Bsw\EcuAb\Serial;.\Bsw\E
                    -cuAb\IoHwAb;.\Bsw\EcuAb\Display;.\Bsw\EcuAb\Lcd1602;.\Bsw\EcuAb\At24c02;.\Bsw\EcuAb\Led8) DEBUG OBJECTEXTEND PRINT(.\Lis
                    -tings\main.lst) OBJECT(.\Objects\main.obj)

line level    source

   1          /**
   2           * @file    main.c
   3           * @brief   Application entry point
   4           *
   5           * AUTOSAR-lite architecture entry:
   6           *   EcuM_Init() -> Rte_Init() -> Serial/IoHwAb/Display init
   7           *   App_MainFunction() runs cyclically in superloop.
   8           *
   9           * Hardware: STC89C52RC board with UART, 7-seg display, digital I/O.
  10           */
  11          
  12          #include "EcuM.h"
  13          #include "App.h"
  14          
  15          /* 程序入口：先完成系统初始化，再进入永远循环的应用调度。 */
  16          int main(void)
  17          {
  18   1          EcuM_Init();          /* 上电后一次性初始化所有硬件和BSW模块 */
  19   1          while(1)
  20   1          {
  21   2              App_MainFunction(); /* 死循环：不断读串口→处理命令→刷新显示 */
  22   2          }
  23   1      }


MODULE INFORMATION:   STATIC OVERLAYABLE
   CODE SIZE        =      8    ----
   CONSTANT SIZE    =   ----    ----
   XDATA SIZE       =   ----    ----
   PDATA SIZE       =   ----    ----
   DATA SIZE        =   ----    ----
   IDATA SIZE       =   ----    ----
   BIT SIZE         =   ----    ----
END OF MODULE INFORMATION.


C51 COMPILATION COMPLETE.  0 WARNING(S),  0 ERROR(S)
