C51 COMPILER V9.54   APP                                                                   06/02/2026 03:02:38 PAGE 1   


C51 COMPILER V9.54, COMPILATION OF MODULE APP
OBJECT MODULE PLACED IN .\Objects\App.obj
COMPILER INVOKED BY: E:\Keil5\C51\BIN\C51.EXE App\App.c OPTIMIZE(8,SPEED) BROWSE INCDIR(.\App;.\App\Swc;.\Config;.\Devic
                    -e;.\Bsw\Common;.\Bsw\Service\EcuM;.\Bsw\Service\Det;.\Bsw\Service\Rte;.\Bsw\Service\SchM;.\Bsw\Service\Timer2;.\Bsw\Mcal
                    -\Uart;.\Bsw\Mcal\Delay;.\Bsw\Mcal\Dio;.\Bsw\Mcal\Adc;.\Bsw\Mcal\Iap;.\Bsw\Mcal\Iic;.\Bsw\Mcal\IrSensor;.\Bsw\EcuAb\Seria
                    -l;.\Bsw\EcuAb\IoHwAb;.\Bsw\EcuAb\Display;.\Bsw\EcuAb\Lcd1602;.\Bsw\EcuAb\At24c02;.\Bsw\EcuAb\Led8) DEBUG OBJECTEXTEND PR
                    -INT(.\Listings\App.lst) OBJECT(.\Objects\App.obj)

line level    source

   1          /* App层调度器：只负责初始化和周期调用各个SWC，具体业务不放在这里。 */
   2          
   3          #include "App.h"
   4          #include "Rte.h"
   5          #include "Swc_AdcSampler.h"
   6          #include "Swc_Command.h"
   7          #include "Swc_Storage.h"
   8          #include "Swc_IrHandler.h"
   9          #include "Swc_LcdPresenter.h"
  10          #include "Swc_SerialTx.h"
  11          
  12          static boolean App_IsInitialized = FALSE;
  13          
  14          static void App_Init(void)
  15          {
  16   1          /* 各SWC自己维护内部状态，App只统一调用初始化入口。 */
  17   1          Swc_AdcSampler_Init();
  18   1          Swc_Command_Init();
  19   1          Swc_Storage_Init();
  20   1          Swc_IrHandler_Init();
  21   1          Swc_LcdPresenter_Init();
  22   1          Swc_SerialTx_Init();
  23   1          App_IsInitialized = TRUE;
  24   1      }
  25          
  26          /* 应用层周期任务：先推进底层状态机，再调度各个SWC。 */
  27          void App_MainFunction(void)
  28          {
  29   1          uint16 tick;
  30   1      
  31   1          /* 先推进底层状态机，避免LCD/IIC/红外缓冲长期得不到处理。 */
  32   1          Rte_MainFunction();
  33   1          tick = Rte_GetSystemTick();
  34   1      
  35   1          /* App初始化依赖EcuM/Rte已完成，所以放在第一次主循环中执行。 */
  36   1          if(App_IsInitialized == FALSE)
  37   1          {
  38   2              App_Init();
  39   2          }
  40   1      
  41   1          Swc_AdcSampler_MainFunction(tick); /* 采样后发布ADC数据和显示请求 */
  42   1          Swc_Command_MainFunction();        /* 把串口字节翻译成业务请求 */
  43   1          Swc_Storage_MainFunction();        /* 消费保存/读取请求，推进EEPROM业务 */
  44   1          Swc_IrHandler_MainFunction();      /* 消费红外按键，更新LCD和LED */
  45   1          Swc_LcdPresenter_MainFunction();   /* 把显示请求送入LCD异步队列 */
  46   1          Swc_SerialTx_MainFunction();       /* 串口空闲时逐字节发送响应 */
  47   1      }


MODULE INFORMATION:   STATIC OVERLAYABLE
   CODE SIZE        =     61    ----
C51 COMPILER V9.54   APP                                                                   06/02/2026 03:02:38 PAGE 2   

   CONSTANT SIZE    =   ----    ----
   XDATA SIZE       =   ----    ----
   PDATA SIZE       =   ----    ----
   DATA SIZE        =      1       2
   IDATA SIZE       =   ----    ----
   BIT SIZE         =   ----    ----
END OF MODULE INFORMATION.


C51 COMPILATION COMPLETE.  0 WARNING(S),  0 ERROR(S)
