C51 COMPILER V9.54   ECUM                                                                  06/02/2026 03:02:39 PAGE 1   


C51 COMPILER V9.54, COMPILATION OF MODULE ECUM
OBJECT MODULE PLACED IN .\Objects\EcuM.obj
COMPILER INVOKED BY: E:\Keil5\C51\BIN\C51.EXE Bsw\Service\EcuM\EcuM.c OPTIMIZE(8,SPEED) BROWSE INCDIR(.\App;.\App\Swc;.\
                    -Config;.\Device;.\Bsw\Common;.\Bsw\Service\EcuM;.\Bsw\Service\Det;.\Bsw\Service\Rte;.\Bsw\Service\SchM;.\Bsw\Service\Tim
                    -er2;.\Bsw\Mcal\Uart;.\Bsw\Mcal\Delay;.\Bsw\Mcal\Dio;.\Bsw\Mcal\Adc;.\Bsw\Mcal\Iap;.\Bsw\Mcal\Iic;.\Bsw\Mcal\IrSensor;.\B
                    -sw\EcuAb\Serial;.\Bsw\EcuAb\IoHwAb;.\Bsw\EcuAb\Display;.\Bsw\EcuAb\Lcd1602;.\Bsw\EcuAb\At24c02;.\Bsw\EcuAb\Led8) DEBUG O
                    -BJECTEXTEND PRINT(.\Listings\EcuM.lst) OBJECT(.\Objects\EcuM.obj)

line level    source

   1          /* EcuM实现：当前只负责把启动流程交给RTE。 */
   2          
   3          #include "EcuM.h"
   4          #include "Rte.h"
   5          
   6          /* 系统启动管理：当前只负责触发RTE初始化，后续模块都从这里串起来。 */
   7          void EcuM_Init(void)
   8          {
   9   1          Rte_Init();  /* 级联初始化各个BSW服务和硬件驱动 */
  10   1      }


MODULE INFORMATION:   STATIC OVERLAYABLE
   CODE SIZE        =      3    ----
   CONSTANT SIZE    =   ----    ----
   XDATA SIZE       =   ----    ----
   PDATA SIZE       =   ----    ----
   DATA SIZE        =   ----    ----
   IDATA SIZE       =   ----    ----
   BIT SIZE         =   ----    ----
END OF MODULE INFORMATION.


C51 COMPILATION COMPLETE.  0 WARNING(S),  0 ERROR(S)
