C51 COMPILER V9.54   IIC                                                                   06/02/2026 03:02:40 PAGE 1   


C51 COMPILER V9.54, COMPILATION OF MODULE IIC
OBJECT MODULE PLACED IN .\Objects\Iic.obj
COMPILER INVOKED BY: E:\Keil5\C51\BIN\C51.EXE Bsw\Mcal\Iic\Iic.c OPTIMIZE(8,SPEED) BROWSE INCDIR(.\App;.\App\Swc;.\Confi
                    -g;.\Device;.\Bsw\Common;.\Bsw\Service\EcuM;.\Bsw\Service\Det;.\Bsw\Service\Rte;.\Bsw\Service\SchM;.\Bsw\Service\Timer2;.
                    -\Bsw\Mcal\Uart;.\Bsw\Mcal\Delay;.\Bsw\Mcal\Dio;.\Bsw\Mcal\Adc;.\Bsw\Mcal\Iap;.\Bsw\Mcal\Iic;.\Bsw\Mcal\IrSensor;.\Bsw\Ec
                    -uAb\Serial;.\Bsw\EcuAb\IoHwAb;.\Bsw\EcuAb\Display;.\Bsw\EcuAb\Lcd1602;.\Bsw\EcuAb\At24c02;.\Bsw\EcuAb\Led8) DEBUG OBJECT
                    -EXTEND PRINT(.\Listings\Iic.lst) OBJECT(.\Objects\Iic.obj)

line level    source

   1          #include "Iic.h"
   2          
   3          sbit Iic_Sda = P2^0;
   4          sbit Iic_Scl = P2^1;
   5          
   6          #define IIC_STATE_IDLE        0u
   7          #define IIC_STATE_DONE        1u
   8          #define IIC_STATE_START_0     2u
   9          #define IIC_STATE_START_1     3u
  10          #define IIC_STATE_START_2     4u
  11          #define IIC_STATE_STOP_0      5u
  12          #define IIC_STATE_STOP_1      6u
  13          #define IIC_STATE_STOP_2      7u
  14          #define IIC_STATE_ACK         8u
  15          #define IIC_STATE_WRITE_LOW   9u
  16          #define IIC_STATE_WRITE_HIGH  10u
  17          #define IIC_STATE_READ_LOW    11u
  18          #define IIC_STATE_READ_HIGH   12u
  19          #define IIC_STATE_NACK_LOW    13u
  20          #define IIC_STATE_NACK_HIGH   14u
  21          
  22          static uint8 Iic_State = IIC_STATE_IDLE;
  23          static uint8 Iic_CurrentByte = 0u;
  24          static uint8 Iic_ReadData = 0u;
  25          static uint8 Iic_BitIndex = 0u;
  26          static uint8 Iic_AckCount = 0u;
  27          
  28          /* IIC总线初始化：SDA和SCL都拉高，表示总线空闲。 */
  29          void Iic_Init(void)
  30          {
  31   1          Iic_Sda = 1;
  32   1          _nop_();
  33   1          Iic_Scl = 1;
  34   1          _nop_();
  35   1          Iic_State = IIC_STATE_IDLE;
  36   1      }
  37          
  38          /* 启动一个IIC小操作：起始、停止、等ACK、写1字节、读1字节。 */
  39          Std_ReturnType Iic_StartOperation(uint8 operation, uint8 dataValue)
  40          {
  41   1          if(Iic_IsBusy() == TRUE)
  42   1          {
  43   2              return E_NOT_OK;
  44   2          }
  45   1      
  46   1          Iic_CurrentByte = dataValue;
  47   1          Iic_ReadData = 0u;
  48   1          Iic_BitIndex = 0u;
  49   1          Iic_AckCount = 0u;
  50   1      
  51   1          if(operation == IIC_OPERATION_START)
C51 COMPILER V9.54   IIC                                                                   06/02/2026 03:02:40 PAGE 2   

  52   1          {
  53   2              Iic_State = IIC_STATE_START_0;
  54   2          }
  55   1          else if(operation == IIC_OPERATION_STOP)
  56   1          {
  57   2              Iic_State = IIC_STATE_STOP_0;
  58   2          }
  59   1          else if(operation == IIC_OPERATION_WAIT_ACK)
  60   1          {
  61   2              Iic_State = IIC_STATE_ACK;
  62   2          }
  63   1          else if(operation == IIC_OPERATION_WRITE_BYTE)
  64   1          {
  65   2              Iic_State = IIC_STATE_WRITE_LOW;
  66   2          }
  67   1          else if(operation == IIC_OPERATION_READ_BYTE)
  68   1          {
  69   2              Iic_State = IIC_STATE_READ_LOW;
  70   2          }
  71   1          else if(operation == IIC_OPERATION_SEND_NACK)
  72   1          {
  73   2              Iic_State = IIC_STATE_NACK_LOW;
  74   2          }
  75   1          else
  76   1          {
  77   2              Iic_State = IIC_STATE_IDLE;
  78   2              return E_NOT_OK;
  79   2          }
  80   1          return E_OK;
  81   1      }
  82          
  83          /* IIC运行期状态机：每次只推进一个很小的总线动作。 */
  84          void Iic_MainFunction(void)
  85          {
  86   1          switch(Iic_State)
  87   1          {
  88   2              case IIC_STATE_START_0:
  89   2                  Iic_Sda = 1;
  90   2                  Iic_Scl = 1;
  91   2                  Iic_State = IIC_STATE_START_1;
  92   2                  break;
  93   2              case IIC_STATE_START_1:
  94   2                  Iic_Sda = 0;
  95   2                  Iic_State = IIC_STATE_START_2;
  96   2                  break;
  97   2              case IIC_STATE_START_2:
  98   2                  Iic_Scl = 0;
  99   2                  Iic_State = IIC_STATE_DONE;
 100   2                  break;
 101   2              case IIC_STATE_STOP_0:
 102   2                  Iic_Sda = 0;
 103   2                  Iic_State = IIC_STATE_STOP_1;
 104   2                  break;
 105   2              case IIC_STATE_STOP_1:
 106   2                  Iic_Scl = 1;
 107   2                  Iic_State = IIC_STATE_STOP_2;
 108   2                  break;
 109   2              case IIC_STATE_STOP_2:
 110   2                  Iic_Sda = 1;
 111   2                  Iic_State = IIC_STATE_DONE;
 112   2                  break;
 113   2              case IIC_STATE_ACK:
C51 COMPILER V9.54   IIC                                                                   06/02/2026 03:02:40 PAGE 3   

 114   2                  Iic_Scl = 1;
 115   2                  if((Iic_Sda == 0) || (Iic_AckCount >= 250u))
 116   2                  {
 117   3                      Iic_Scl = 0;
 118   3                      Iic_State = IIC_STATE_DONE;
 119   3                  }
 120   2                  else
 121   2                  {
 122   3                      Iic_AckCount++;
 123   3                  }
 124   2                  break;
 125   2              case IIC_STATE_WRITE_LOW:
 126   2                  Iic_Scl = 0;
 127   2                  if((Iic_CurrentByte & 0x80u) != 0u)
 128   2                  {
 129   3                      Iic_Sda = 1;
 130   3                  }
 131   2                  else
 132   2                  {
 133   3                      Iic_Sda = 0;
 134   3                  }
 135   2                  Iic_State = IIC_STATE_WRITE_HIGH;
 136   2                  break;
 137   2              case IIC_STATE_WRITE_HIGH:
 138   2                  Iic_Scl = 1;
 139   2                  Iic_CurrentByte = (uint8)(Iic_CurrentByte << 1);
 140   2                  Iic_BitIndex++;
 141   2                  if(Iic_BitIndex >= 8u)
 142   2                  {
 143   3                      Iic_Scl = 0;
 144   3                      Iic_Sda = 1;
 145   3                      Iic_State = IIC_STATE_DONE;
 146   3                  }
 147   2                  else
 148   2                  {
 149   3                      Iic_State = IIC_STATE_WRITE_LOW;
 150   3                  }
 151   2                  break;
 152   2              case IIC_STATE_READ_LOW:
 153   2                  Iic_Scl = 0;
 154   2                  Iic_Sda = 1;
 155   2                  Iic_State = IIC_STATE_READ_HIGH;
 156   2                  break;
 157   2              case IIC_STATE_READ_HIGH:
 158   2                  Iic_Scl = 1;
 159   2                  Iic_ReadData = (uint8)((Iic_ReadData << 1) | Iic_Sda);
 160   2                  Iic_BitIndex++;
 161   2                  if(Iic_BitIndex >= 8u)
 162   2                  {
 163   3                      Iic_Scl = 0;
 164   3                      Iic_State = IIC_STATE_DONE;
 165   3                  }
 166   2                  else
 167   2                  {
 168   3                      Iic_State = IIC_STATE_READ_LOW;
 169   3                  }
 170   2                  break;
 171   2              case IIC_STATE_NACK_LOW:
 172   2                  Iic_Scl = 0;
 173   2                  Iic_Sda = 1;
 174   2                  Iic_State = IIC_STATE_NACK_HIGH;
 175   2                  break;
C51 COMPILER V9.54   IIC                                                                   06/02/2026 03:02:40 PAGE 4   

 176   2              case IIC_STATE_NACK_HIGH:
 177   2                  Iic_Scl = 1;
 178   2                  Iic_Scl = 0;
 179   2                  Iic_State = IIC_STATE_DONE;
 180   2                  break;
 181   2              default:
 182   2                  break;
 183   2          }
 184   1      }
 185          
 186          /* IIC是否还在执行小操作。 */
 187          boolean Iic_IsBusy(void)
 188          {
 189   1          if((Iic_State != IIC_STATE_IDLE) && (Iic_State != IIC_STATE_DONE))
 190   1          {
 191   2              return TRUE;
 192   2          }
 193   1          return FALSE;
 194   1      }
 195          
 196          /* IIC小操作是否已完成。读取后不会自动清除，由下一次StartOperation覆盖。 */
 197          boolean Iic_IsDone(void)
 198          {
 199   1          if(Iic_State == IIC_STATE_DONE)
 200   1          {
 201   2              return TRUE;
 202   2          }
 203   1          return FALSE;
 204   1      }
 205          
 206          /* 取得最近一次读字节操作的结果。 */
 207          uint8 Iic_GetReadData(void)
 208          {
 209   1          return Iic_ReadData;
 210   1      }


MODULE INFORMATION:   STATIC OVERLAYABLE
   CODE SIZE        =    342    ----
   CONSTANT SIZE    =   ----    ----
   XDATA SIZE       =   ----    ----
   PDATA SIZE       =   ----    ----
   DATA SIZE        =      5       2
   IDATA SIZE       =   ----    ----
   BIT SIZE         =   ----    ----
END OF MODULE INFORMATION.


C51 COMPILATION COMPLETE.  0 WARNING(S),  0 ERROR(S)
