C51 COMPILER V9.54   SERIAL                                                                06/02/2026 03:02:40 PAGE 1   


C51 COMPILER V9.54, COMPILATION OF MODULE SERIAL
OBJECT MODULE PLACED IN .\Objects\Serial.obj
COMPILER INVOKED BY: E:\Keil5\C51\BIN\C51.EXE Bsw\EcuAb\Serial\Serial.c OPTIMIZE(8,SPEED) BROWSE INCDIR(.\App;.\App\Swc;
                    -.\Config;.\Device;.\Bsw\Common;.\Bsw\Service\EcuM;.\Bsw\Service\Det;.\Bsw\Service\Rte;.\Bsw\Service\SchM;.\Bsw\Service\T
                    -imer2;.\Bsw\Mcal\Uart;.\Bsw\Mcal\Delay;.\Bsw\Mcal\Dio;.\Bsw\Mcal\Adc;.\Bsw\Mcal\Iap;.\Bsw\Mcal\Iic;.\Bsw\Mcal\IrSensor;.
                    -\Bsw\EcuAb\Serial;.\Bsw\EcuAb\IoHwAb;.\Bsw\EcuAb\Display;.\Bsw\EcuAb\Lcd1602;.\Bsw\EcuAb\At24c02;.\Bsw\EcuAb\Led8) DEBUG
                    - OBJECTEXTEND PRINT(.\Listings\Serial.lst) OBJECT(.\Objects\Serial.obj)

line level    source

   1          /* Serial抽象层：给UART加初始化保护，屏蔽底层寄存器细节。 */
   2          
   3          #include "Serial.h"
   4          #include "Uart.h"
   5          #include "Det.h"
   6          
   7          /* 初始化保护：未初始化就调用会记录Det错误。 */
   8          static boolean Serial_IsInitialized = FALSE;
   9          
  10          /* 串口抽象层初始化：向下调用Uart_Init，并记录Serial已可用。 */
  11          void Serial_Init(void)
  12          {
  13   1          Uart_Init();                      /* 配置UART硬件寄存器 */
  14   1          Serial_IsInitialized = TRUE;      /* 标记已初始化 */
  15   1      }
  16          
  17          /* 获取收到的串口字节：先检查初始化，再委托给MCAL/Uart。 */
  18          uint8 Serial_GetReceivedData(void)
  19          {
  20   1          if(Serial_IsInitialized == FALSE)
  21   1          {
  22   2              /* 还没初始化就调用 → 记录错误到Det，返回0 */
  23   2              (void)Det_ReportError(SERIAL_MODULE_ID, SERIAL_INSTANCE_ID,
  24   2                                    SERIAL_GET_RECEIVED_DATA_API_ID, SERIAL_E_UNINIT);
  25   2              return 0u;
  26   2          }
  27   1          return Uart_GetReceivedData();    /* 委托给MCAL层读取 */
  28   1      }
  29          
  30          /* 清除串口接收缓存：命令消费完成后由上层调用。 */
  31          void Serial_ClearReceivedData(void)
  32          {
  33   1          if(Serial_IsInitialized == FALSE)
  34   1          {
  35   2              (void)Det_ReportError(SERIAL_MODULE_ID, SERIAL_INSTANCE_ID,
  36   2                                    SERIAL_CLEAR_RECEIVED_DATA_API_ID, SERIAL_E_UNINIT);
  37   2              return;
  38   2          }
  39   1          Uart_ClearReceivedData();         /* 委托给MCAL层清除 */
  40   1      }
  41          
  42          /* 发送串口字节：抽象层只做保护检查，真正发送在Uart里完成。 */
  43          void Serial_SendByte(uint8 txData)
  44          {
  45   1          if(Serial_IsInitialized == FALSE)
  46   1          {
  47   2              (void)Det_ReportError(SERIAL_MODULE_ID, SERIAL_INSTANCE_ID,
  48   2                                    SERIAL_SEND_BYTE_API_ID, SERIAL_E_UNINIT);
  49   2              return;
  50   2          }
  51   1          Uart_SendByte(txData);            /* 委托给MCAL层发送 */
C51 COMPILER V9.54   SERIAL                                                                06/02/2026 03:02:40 PAGE 2   

  52   1      }
  53          
  54          /* 查询串口是否可以发送下一个字节。 */
  55          boolean Serial_IsTxReady(void)
  56          {
  57   1          if(Serial_IsInitialized == FALSE)
  58   1          {
  59   2              (void)Det_ReportError(SERIAL_MODULE_ID, SERIAL_INSTANCE_ID,
  60   2                                    SERIAL_SEND_BYTE_API_ID, SERIAL_E_UNINIT);
  61   2              return FALSE;
  62   2          }
  63   1          return Uart_IsTxReady();
  64   1      }


MODULE INFORMATION:   STATIC OVERLAYABLE
   CODE SIZE        =     97    ----
   CONSTANT SIZE    =   ----    ----
   XDATA SIZE       =   ----    ----
   PDATA SIZE       =   ----    ----
   DATA SIZE        =      1       1
   IDATA SIZE       =   ----    ----
   BIT SIZE         =   ----    ----
END OF MODULE INFORMATION.


C51 COMPILATION COMPLETE.  0 WARNING(S),  0 ERROR(S)
