C51 COMPILER V9.54   SWC_COMMAND                                                           06/02/2026 03:02:38 PAGE 1   


C51 COMPILER V9.54, COMPILATION OF MODULE SWC_COMMAND
OBJECT MODULE PLACED IN .\Objects\Swc_Command.obj
COMPILER INVOKED BY: E:\Keil5\C51\BIN\C51.EXE App\Swc\Swc_Command.c OPTIMIZE(8,SPEED) BROWSE INCDIR(.\App;.\App\Swc;.\Co
                    -nfig;.\Device;.\Bsw\Common;.\Bsw\Service\EcuM;.\Bsw\Service\Det;.\Bsw\Service\Rte;.\Bsw\Service\SchM;.\Bsw\Service\Timer
                    -2;.\Bsw\Mcal\Uart;.\Bsw\Mcal\Delay;.\Bsw\Mcal\Dio;.\Bsw\Mcal\Adc;.\Bsw\Mcal\Iap;.\Bsw\Mcal\Iic;.\Bsw\Mcal\IrSensor;.\Bsw
                    -\EcuAb\Serial;.\Bsw\EcuAb\IoHwAb;.\Bsw\EcuAb\Display;.\Bsw\EcuAb\Lcd1602;.\Bsw\EcuAb\At24c02;.\Bsw\EcuAb\Led8) DEBUG OBJ
                    -ECTEXTEND PRINT(.\Listings\Swc_Command.lst) OBJECT(.\Objects\Swc_Command.obj)

line level    source

   1          #include "Swc_Command.h"
   2          #include "Rte.h"
   3          
   4          #define SWC_COMMAND_SAVE_ADC       1u
   5          #define SWC_COMMAND_READ_ADC       2u
   6          #define SWC_ASCII_COMMAND_SAVE_ADC '1'
   7          #define SWC_ASCII_COMMAND_READ_ADC '2'
   8          
   9          void Swc_Command_Init(void)
  10          {
  11   1      }
  12          
  13          /* 只解析串口命令；真正存储动作交给Storage SWC。 */
  14          void Swc_Command_MainFunction(void)
  15          {
  16   1          uint8 command;
  17   1      
  18   1          command = Rte_ReadSerialData();
  19   1          if((command == SWC_COMMAND_SAVE_ADC) || (command == SWC_ASCII_COMMAND_SAVE_ADC))
  20   1          {
  21   2              Rte_ClearSerialData(); /* 命令已消费，避免下一轮重复执行。 */
  22   2              Rte_RequestAdcSave();  /* 只发布请求，实际写EEPROM由Storage处理。 */
  23   2          }
  24   1          else if((command == SWC_COMMAND_READ_ADC) || (command == SWC_ASCII_COMMAND_READ_ADC))
  25   1          {
  26   2              Rte_ClearSerialData();
  27   2              Rte_RequestAdcRead();  /* Storage收到请求后再启动异步读。 */
  28   2          }
  29   1      }


MODULE INFORMATION:   STATIC OVERLAYABLE
   CODE SIZE        =     41    ----
   CONSTANT SIZE    =   ----    ----
   XDATA SIZE       =   ----    ----
   PDATA SIZE       =   ----    ----
   DATA SIZE        =   ----       1
   IDATA SIZE       =   ----    ----
   BIT SIZE         =   ----    ----
END OF MODULE INFORMATION.


C51 COMPILATION COMPLETE.  0 WARNING(S),  0 ERROR(S)
