C51 COMPILER V9.54   SWC_ADCSAMPLER                                                        06/02/2026 03:02:38 PAGE 1   


C51 COMPILER V9.54, COMPILATION OF MODULE SWC_ADCSAMPLER
OBJECT MODULE PLACED IN .\Objects\Swc_AdcSampler.obj
COMPILER INVOKED BY: E:\Keil5\C51\BIN\C51.EXE App\Swc\Swc_AdcSampler.c OPTIMIZE(8,SPEED) BROWSE INCDIR(.\App;.\App\Swc;.
                    -\Config;.\Device;.\Bsw\Common;.\Bsw\Service\EcuM;.\Bsw\Service\Det;.\Bsw\Service\Rte;.\Bsw\Service\SchM;.\Bsw\Service\Ti
                    -mer2;.\Bsw\Mcal\Uart;.\Bsw\Mcal\Delay;.\Bsw\Mcal\Dio;.\Bsw\Mcal\Adc;.\Bsw\Mcal\Iap;.\Bsw\Mcal\Iic;.\Bsw\Mcal\IrSensor;.\
                    -Bsw\EcuAb\Serial;.\Bsw\EcuAb\IoHwAb;.\Bsw\EcuAb\Display;.\Bsw\EcuAb\Lcd1602;.\Bsw\EcuAb\At24c02;.\Bsw\EcuAb\Led8) DEBUG 
                    -OBJECTEXTEND PRINT(.\Listings\Swc_AdcSampler.lst) OBJECT(.\Objects\Swc_AdcSampler.obj)

line level    source

   1          #include "Swc_AdcSampler.h"
   2          #include "Rte.h"
   3          
   4          #define SWC_ADC_SAMPLER_PERIOD_MS 100u
   5          
   6          static uint16 Swc_AdcSampler_NextTick = 0u;
   7          
   8          void Swc_AdcSampler_Init(void)
   9          {
  10   1          Swc_AdcSampler_NextTick = 0u;
  11   1      }
  12          
  13          /* 周期采样ADC，并把结果通过RTE交给其他SWC使用。 */
  14          void Swc_AdcSampler_MainFunction(uint16 tick)
  15          {
  16   1          uint8 adcRaw;
  17   1          uint16 adcMv;
  18   1      
  19   1          /* 用有符号差值判断时间到达，可兼容16位tick回绕。 */
  20   1          if((sint16)(tick - Swc_AdcSampler_NextTick) >= 0)
  21   1          {
  22   2              adcRaw = Rte_ReadAdcValue();
  23   2              adcMv = Rte_AdcConvertToMv(adcRaw);
  24   2              Rte_WriteAdcSample(adcRaw, adcMv);        /* 给存储SWC读取最新值 */
  25   2              Rte_DisplayRequestAdcLine(adcRaw, adcMv); /* 请求LCD第一行刷新 */
  26   2              Swc_AdcSampler_NextTick = (uint16)(tick + SWC_ADC_SAMPLER_PERIOD_MS);
  27   2          }
  28   1      }


MODULE INFORMATION:   STATIC OVERLAYABLE
   CODE SIZE        =     68    ----
   CONSTANT SIZE    =   ----    ----
   XDATA SIZE       =   ----    ----
   PDATA SIZE       =   ----    ----
   DATA SIZE        =      2       5
   IDATA SIZE       =   ----    ----
   BIT SIZE         =   ----    ----
END OF MODULE INFORMATION.


C51 COMPILATION COMPLETE.  0 WARNING(S),  0 ERROR(S)
