C51 COMPILER V9.54   SWC_IRHANDLER                                                         06/02/2026 03:02:38 PAGE 1   


C51 COMPILER V9.54, COMPILATION OF MODULE SWC_IRHANDLER
OBJECT MODULE PLACED IN .\Objects\Swc_IrHandler.obj
COMPILER INVOKED BY: E:\Keil5\C51\BIN\C51.EXE App\Swc\Swc_IrHandler.c OPTIMIZE(8,SPEED) BROWSE INCDIR(.\App;.\App\Swc;.\
                    -Config;.\Device;.\Bsw\Common;.\Bsw\Service\EcuM;.\Bsw\Service\Det;.\Bsw\Service\Rte;.\Bsw\Service\SchM;.\Bsw\Service\Tim
                    -er2;.\Bsw\Mcal\Uart;.\Bsw\Mcal\Delay;.\Bsw\Mcal\Dio;.\Bsw\Mcal\Adc;.\Bsw\Mcal\Iap;.\Bsw\Mcal\Iic;.\Bsw\Mcal\IrSensor;.\B
                    -sw\EcuAb\Serial;.\Bsw\EcuAb\IoHwAb;.\Bsw\EcuAb\Display;.\Bsw\EcuAb\Lcd1602;.\Bsw\EcuAb\At24c02;.\Bsw\EcuAb\Led8) DEBUG O
                    -BJECTEXTEND PRINT(.\Listings\Swc_IrHandler.lst) OBJECT(.\Objects\Swc_IrHandler.obj)

line level    source

   1          #include "Swc_IrHandler.h"
   2          #include "Rte.h"
   3          
   4          void Swc_IrHandler_Init(void)
   5          {
   6   1      }
   7          
   8          /* 红外业务：收到按键后，同步更新LED和LCD显示请求。 */
   9          void Swc_IrHandler_MainFunction(void)
  10          {
  11   1          uint8 keyValue;
  12   1      
  13   1          if(Rte_IrSensorIsKeyReady() == TRUE)
  14   1          {
  15   2              keyValue = Rte_IrSensorGetKey();
  16   2              Rte_IrSensorClearKey();  /* 清掉就绪标志，等待下一次红外键。 */
  17   2              Rte_Led8Write(keyValue); /* 按键值的8个bit直接映射到8位LED。 */
  18   2              Rte_DisplayRequestIrLine(keyValue);
  19   2          }
  20   1      }


MODULE INFORMATION:   STATIC OVERLAYABLE
   CODE SIZE        =     26    ----
   CONSTANT SIZE    =   ----    ----
   XDATA SIZE       =   ----    ----
   PDATA SIZE       =   ----    ----
   DATA SIZE        =   ----       1
   IDATA SIZE       =   ----    ----
   BIT SIZE         =   ----    ----
END OF MODULE INFORMATION.


C51 COMPILATION COMPLETE.  0 WARNING(S),  0 ERROR(S)
