C51 COMPILER V9.54   SWC_STORAGE                                                           06/02/2026 03:02:38 PAGE 1   


C51 COMPILER V9.54, COMPILATION OF MODULE SWC_STORAGE
OBJECT MODULE PLACED IN .\Objects\Swc_Storage.obj
COMPILER INVOKED BY: E:\Keil5\C51\BIN\C51.EXE App\Swc\Swc_Storage.c OPTIMIZE(8,SPEED) BROWSE INCDIR(.\App;.\App\Swc;.\Co
                    -nfig;.\Device;.\Bsw\Common;.\Bsw\Service\EcuM;.\Bsw\Service\Det;.\Bsw\Service\Rte;.\Bsw\Service\SchM;.\Bsw\Service\Timer
                    -2;.\Bsw\Mcal\Uart;.\Bsw\Mcal\Delay;.\Bsw\Mcal\Dio;.\Bsw\Mcal\Adc;.\Bsw\Mcal\Iap;.\Bsw\Mcal\Iic;.\Bsw\Mcal\IrSensor;.\Bsw
                    -\EcuAb\Serial;.\Bsw\EcuAb\IoHwAb;.\Bsw\EcuAb\Display;.\Bsw\EcuAb\Lcd1602;.\Bsw\EcuAb\At24c02;.\Bsw\EcuAb\Led8) DEBUG OBJ
                    -ECTEXTEND PRINT(.\Listings\Swc_Storage.lst) OBJECT(.\Objects\Swc_Storage.obj)

line level    source

   1          #include "Swc_Storage.h"
   2          #include "Rte.h"
   3          
   4          #define SWC_STORAGE_AT24_ADDRESS     0x00u
   5          #define SWC_STORAGE_DATA_LENGTH      3u
   6          
   7          #define SWC_STORAGE_JOB_NONE         0u
   8          #define SWC_STORAGE_JOB_SAVE         1u
   9          #define SWC_STORAGE_JOB_READ         2u
  10          
  11          static uint8 Swc_Storage_Job = SWC_STORAGE_JOB_NONE;
  12          
  13          void Swc_Storage_Init(void)
  14          {
  15   1          Swc_Storage_Job = SWC_STORAGE_JOB_NONE;
  16   1      }
  17          
  18          static void Swc_Storage_StartSave(void)
  19          {
  20   1          uint8 writeData[SWC_STORAGE_DATA_LENGTH];
  21   1          uint8 adcRaw;
  22   1          uint16 adcMv;
  23   1      
  24   1          if(Rte_At24c02IsBusy() == TRUE)
  25   1          {
  26   2              /* EEPROM状态机仍在跑，本次命令只提示忙，不打断当前任务。 */
  27   2              Rte_DisplayRequestStatusLine("AT24 BUSY");
  28   2              return;
  29   2          }
  30   1      
  31   1          /* EEPROM保存3字节：ADC原始值 + 毫伏高字节 + 毫伏低字节。 */
  32   1          adcRaw = Rte_ReadAdcRaw();
  33   1          adcMv = Rte_ReadAdcMv();
  34   1          writeData[0] = adcRaw;
  35   1          writeData[1] = (uint8)(adcMv >> 8);
  36   1          writeData[2] = (uint8)adcMv;
  37   1          if(Rte_At24c02AsyncWrite(SWC_STORAGE_AT24_ADDRESS, writeData, SWC_STORAGE_DATA_LENGTH) == E_OK)
  38   1          {
  39   2              Swc_Storage_Job = SWC_STORAGE_JOB_SAVE;
  40   2              Rte_DisplayRequestStatusLine("SAVING..."); /* 先显示进行中，完成后再显示SAVE OK。 */
  41   2          }
  42   1      }
  43          
  44          static void Swc_Storage_StartRead(void)
  45          {
  46   1          if(Rte_At24c02IsBusy() == TRUE)
  47   1          {
  48   2              /* 读写共用同一个AT24C02状态机，忙时不发起新任务。 */
  49   2              Rte_DisplayRequestStatusLine("AT24 BUSY");
  50   2              return;
  51   2          }
C51 COMPILER V9.54   SWC_STORAGE                                                           06/02/2026 03:02:38 PAGE 2   

  52   1      
  53   1          /* 只发起异步读，读完后的处理在CheckDone里完成。 */
  54   1          if(Rte_At24c02AsyncRead(SWC_STORAGE_AT24_ADDRESS, SWC_STORAGE_DATA_LENGTH) == E_OK)
  55   1          {
  56   2              Swc_Storage_Job = SWC_STORAGE_JOB_READ;
  57   2              Rte_DisplayRequestStatusLine("READING...");
  58   2          }
  59   1      }
  60          
  61          static void Swc_Storage_CheckDone(void)
  62          {
  63   1          uint8 adcRaw;
  64   1          uint16 adcMv;
  65   1      
  66   1          if((Swc_Storage_Job != SWC_STORAGE_JOB_NONE) && (Rte_At24c02IsJobDone() == TRUE))
  67   1          {
  68   2              if(Swc_Storage_Job == SWC_STORAGE_JOB_SAVE)
  69   2              {
  70   3                  Rte_DisplayRequestStatusLine("SAVE OK");
  71   3              }
  72   2              else
  73   2              {
  74   3                  /* 读回时按保存格式还原ADC原始值和毫伏值。 */
  75   3                  adcRaw = Rte_At24c02GetData(0u);
  76   3                  adcMv = (uint16)(((uint16)Rte_At24c02GetData(1u) << 8) |
  77   3                                   Rte_At24c02GetData(2u));
  78   3                  Rte_DisplayRequestReadLine(adcRaw, adcMv);   /* LCD第二行显示读回值 */
  79   3                  Rte_RequestSerialReadMessage(adcRaw, adcMv); /* 同步请求串口回传 */
  80   3              }
  81   2              Swc_Storage_Job = SWC_STORAGE_JOB_NONE;
  82   2          }
  83   1      }
  84          
  85          /* 执行存储业务：消费命令请求，推进AT24C02任务完成后的响应。 */
  86          void Swc_Storage_MainFunction(void)
  87          {
  88   1          if(Rte_ConsumeAdcSaveRequest() == TRUE)
  89   1          {
  90   2              Swc_Storage_StartSave();
  91   2          }
  92   1          if(Rte_ConsumeAdcReadRequest() == TRUE)
  93   1          {
  94   2              Swc_Storage_StartRead();
  95   2          }
  96   1          Swc_Storage_CheckDone();
  97   1      }


MODULE INFORMATION:   STATIC OVERLAYABLE
   CODE SIZE        =    210    ----
   CONSTANT SIZE    =     39    ----
   XDATA SIZE       =   ----    ----
   PDATA SIZE       =   ----    ----
   DATA SIZE        =      1       7
   IDATA SIZE       =   ----    ----
   BIT SIZE         =   ----    ----
END OF MODULE INFORMATION.


C51 COMPILATION COMPLETE.  0 WARNING(S),  0 ERROR(S)
