C51 COMPILER V9.54   TIMER2                                                                06/02/2026 03:02:39 PAGE 1   


C51 COMPILER V9.54, COMPILATION OF MODULE TIMER2
OBJECT MODULE PLACED IN .\Objects\Timer2.obj
COMPILER INVOKED BY: E:\Keil5\C51\BIN\C51.EXE Bsw\Service\Timer2\Timer2.c OPTIMIZE(8,SPEED) BROWSE INCDIR(.\App;.\App\Sw
                    -c;.\Config;.\Device;.\Bsw\Common;.\Bsw\Service\EcuM;.\Bsw\Service\Det;.\Bsw\Service\Rte;.\Bsw\Service\SchM;.\Bsw\Service
                    -\Timer2;.\Bsw\Mcal\Uart;.\Bsw\Mcal\Delay;.\Bsw\Mcal\Dio;.\Bsw\Mcal\Adc;.\Bsw\Mcal\Iap;.\Bsw\Mcal\Iic;.\Bsw\Mcal\IrSensor
                    -;.\Bsw\EcuAb\Serial;.\Bsw\EcuAb\IoHwAb;.\Bsw\EcuAb\Display;.\Bsw\EcuAb\Lcd1602;.\Bsw\EcuAb\At24c02;.\Bsw\EcuAb\Led8) DEB
                    -UG OBJECTEXTEND PRINT(.\Listings\Timer2.lst) OBJECT(.\Objects\Timer2.obj)

line level    source

   1          #include "Timer2.h"
   2          
   3          static volatile uint16 Timer2_Tick = 0u;
   4          
   5          /* 初始化Timer2：配置重装值并打开中断，用来产生周期节拍标志。 */
   6          void Timer2_Init(void)
   7          {
   8   1          RCAP2L = TL2 = (uint8)TIMER2_RELOAD;
   9   1          RCAP2H = TH2 = (uint8)(TIMER2_RELOAD >> 8);
  10   1          Timer2_Tick = 0u;
  11   1          TR2 = 1;
  12   1          ET2 = 1;
  13   1          EA = 1;
  14   1      }
  15          
  16          /* 读取1ms系统节拍：临界区保护16位变量，避免读到一半被中断改写。 */
  17          uint16 Timer2_GetTick(void)
  18          {
  19   1          uint16 tick;
  20   1          boolean savedEa;
  21   1      
  22   1          savedEa = EA;
  23   1          EA = 0;
  24   1          tick = Timer2_Tick;
  25   1          EA = savedEa;
  26   1      
  27   1          return tick;
  28   1      }
  29          
  30          /* Timer2中断：只做计数和置位标志，避免在中断里做复杂业务。 */
  31          void Timer2_Isr(void) interrupt 5
  32          {
  33   1          TF2 = 0;
  34   1          Timer2_Tick++;
  35   1      }


MODULE INFORMATION:   STATIC OVERLAYABLE
   CODE SIZE        =     58    ----
   CONSTANT SIZE    =   ----    ----
   XDATA SIZE       =   ----    ----
   PDATA SIZE       =   ----    ----
   DATA SIZE        =      2    ----
   IDATA SIZE       =   ----    ----
   BIT SIZE         =   ----    ----
END OF MODULE INFORMATION.


C51 COMPILATION COMPLETE.  0 WARNING(S),  0 ERROR(S)
